%!Adobe-FontList 1.16
%Locale:0x409

%BeginFont
Handler:DirectoryHandler
FontType:Invalid
OutlineFileName:\MrsEavBol
FileModTime:1416223200
%EndFont

%BeginFont
Handler:DirectoryHandler
FontType:Invalid
OutlineFileName:\MrsEavesBold.fam
FileModTime:1416223200
%EndFont

%BeginFont
Handler:DirectoryHandler
FontType:Invalid
OutlineFileName:\MrsEavesItalic.fam
FileModTime:1416223200
%EndFont

%BeginFont
Handler:DirectoryHandler
FontType:Invalid
OutlineFileName:\MrsEavesRoman.fam
FileModTime:1416223200
%EndFont

%BeginFont
Handler:DirectoryHandler
FontType:Invalid
OutlineFileName:\MrsEavIta
FileModTime:1416223200
%EndFont

%BeginFont
Handler:DirectoryHandler
FontType:Invalid
OutlineFileName:\MrsEavRom
FileModTime:1416223200
%EndFont

